<?xml version="1.0" encoding="UTF-8"?>
<!-- Generated by org.testng.reporters.JUnitXMLReporter -->
<testsuite ignored="0" hostname="DESKTOP-874C7K9" failures="1" tests="1" name="Test1" time="0.518" errors="0" timestamp="2021-09-14T22:06:01 BDT">
  <testcase classname="teqtestCases.NewRequestTest" name="Signup" time="0.0">
    <failure type="org.testng.TestNGException" message="
Method public void teqtestCases.NewRequestTest.Signup(java.lang.String,java.lang.String,java.lang.String,java.lang.String,java.lang.String) throws java.lang.Exception requires a @DataProvider named : SingleTripForFutureData in class teqTestData.TeqTestDataProvider">
      <![CDATA[org.testng.TestNGException: 
Method public void teqtestCases.NewRequestTest.Signup(java.lang.String,java.lang.String,java.lang.String,java.lang.String,java.lang.String) throws java.lang.Exception requires a @DataProvider named : SingleTripForFutureData in class teqTestData.TeqTestDataProvider
at java.base/java.util.ArrayList.forEach(ArrayList.java:1511)
... Removed 24 stack frames]]>
    </failure>
  </testcase> <!-- Signup -->
</testsuite> <!-- Test1 -->
